0 info it worked if it ends with ok
1 verbose cli [ '/Users/vmac/.nvm/versions/node/v6.10.0/bin/node',
1 verbose cli   '/Users/vmac/.nvm/versions/node/v6.10.0/bin/npm',
1 verbose cli   'start' ]
2 info using npm@3.10.10
3 info using node@v6.10.0
4 verbose run-script [ 'prestart', 'start', 'poststart' ]
5 info lifecycle mygraphql@1.0.0~prestart: mygraphql@1.0.0
6 silly lifecycle mygraphql@1.0.0~prestart: no script for prestart, continuing
7 info lifecycle mygraphql@1.0.0~start: mygraphql@1.0.0
8 verbose lifecycle mygraphql@1.0.0~start: unsafe-perm in lifecycle true
9 verbose lifecycle mygraphql@1.0.0~start: PATH: /Users/vmac/.nvm/versions/node/v6.10.0/lib/node_modules/npm/bin/node-gyp-bin:/Users/vmac/PROGRAMMING/JS/GRAPHQL/fwdjs_5/graphql/node_modules/.bin:/Library/Frameworks/Python.framework/Versions/3.6/bin:/Users/vmac/bin:/Applications/Visual\ Studio\ Code\ 2.app:/Users/vmac/.nvm/versions/node/v6.10.0/bin:/Library/Frameworks/Python.framework/Versions/3.6/bin:/Library/Frameworks/Python.framework/Versions/3.6/bin:/opt/local/bin:/opt/local/sbin:/Users/vmac/bin:/Library/Frameworks/Python.framework/Versions/3.5/bin:/Library/Frameworks/Python.framework/Versions/3.4/bin:/Users/vmac/.rvm/gems/ruby-2.4.0/bin:/Users/vmac/.rvm/gems/ruby-2.4.0@global/bin:/Users/vmac/.rvm/rubies/ruby-2.4.0/bin:/usr/local/bin:/usr/local/sbin:/opt/local/bin:/opt/local/sbin:/usr/local/bin:/usr/bin:/bin:/usr/sbin:/sbin:/Users/vmac/PROGRAMMING/JS/PHANTOM/phantomjs-2.1.1-macosx/bin:/opt/X11/bin:/usr/local/git/bin:/usr/local/go/bin:/Users/vmac/.rvm/bin:/Applications/Postgres.app/Contents/Versions/9.4/bin:./node_modules/.bin
10 verbose lifecycle mygraphql@1.0.0~start: CWD: /Users/vmac/PROGRAMMING/JS/GRAPHQL/fwdjs_5/graphql
11 silly lifecycle mygraphql@1.0.0~start: Args: [ '-c', 'babel-node --presets \'es2015\' server.js' ]
12 silly lifecycle mygraphql@1.0.0~start: Returned: code: 1  signal: null
13 info lifecycle mygraphql@1.0.0~start: Failed to exec start script
14 verbose stack Error: mygraphql@1.0.0 start: `babel-node --presets 'es2015' server.js`
14 verbose stack Exit status 1
14 verbose stack     at EventEmitter.<anonymous> (/Users/vmac/.nvm/versions/node/v6.10.0/lib/node_modules/npm/lib/utils/lifecycle.js:255:16)
14 verbose stack     at emitTwo (events.js:106:13)
14 verbose stack     at EventEmitter.emit (events.js:191:7)
14 verbose stack     at ChildProcess.<anonymous> (/Users/vmac/.nvm/versions/node/v6.10.0/lib/node_modules/npm/lib/utils/spawn.js:40:14)
14 verbose stack     at emitTwo (events.js:106:13)
14 verbose stack     at ChildProcess.emit (events.js:191:7)
14 verbose stack     at maybeClose (internal/child_process.js:877:16)
14 verbose stack     at Process.ChildProcess._handle.onexit (internal/child_process.js:226:5)
15 verbose pkgid mygraphql@1.0.0
16 verbose cwd /Users/vmac/PROGRAMMING/JS/GRAPHQL/fwdjs_5/graphql
17 error Darwin 16.0.0
18 error argv "/Users/vmac/.nvm/versions/node/v6.10.0/bin/node" "/Users/vmac/.nvm/versions/node/v6.10.0/bin/npm" "start"
19 error node v6.10.0
20 error npm  v3.10.10
21 error code ELIFECYCLE
22 error mygraphql@1.0.0 start: `babel-node --presets 'es2015' server.js`
22 error Exit status 1
23 error Failed at the mygraphql@1.0.0 start script 'babel-node --presets 'es2015' server.js'.
23 error Make sure you have the latest version of node.js and npm installed.
23 error If you do, this is most likely a problem with the mygraphql package,
23 error not with npm itself.
23 error Tell the author that this fails on your system:
23 error     babel-node --presets 'es2015' server.js
23 error You can get information on how to open an issue for this project with:
23 error     npm bugs mygraphql
23 error Or if that isn't available, you can get their info via:
23 error     npm owner ls mygraphql
23 error There is likely additional logging output above.
24 verbose exit [ 1, true ]
